执行移动: 从 (0,2) 到 (1,2), 箭在 (1,3)
AI 最佳移动评估分数: -3
AI 思考时间: 0.770005 秒
执行移动: 从 (7,5) 到 (2,5), 箭在 (2,2)
执行移动: 从 (1,2) 到 (0,3), 箭在 (0,2)
AI 最佳移动评估分数: 5
AI 思考时间: 0.412275 秒
执行移动: 从 (5,0) 到 (4,1), 箭在 (1,4)
执行移动: 从 (0,3) 到 (0,4), 箭在 (1,5)
AI 最佳移动评估分数: 10
AI 思考时间: 0.286808 秒
执行移动: 从 (5,7) 到 (4,6), 箭在 (0,6)
执行移动: 从 (0,4) 到 (0,3), 箭在 (0,4)
AI 最佳移动评估分数: 13
AI 思考时间: 0.299396 秒
执行移动: 从 (2,5) 到 (3,4), 箭在 (1,2)
执行移动: 从 (2,7) 到 (2,6), 箭在 (3,5)
AI 最佳移动评估分数: 14
AI 思考时间: 0.180572 秒
执行移动: 从 (7,2) 到 (6,3), 箭在 (2,7)
执行移动: 从 (2,6) 到 (2,5), 箭在 (2,6)
AI 最佳移动评估分数: 18
AI 思考时间: 0.131476 秒
执行移动: 从 (4,6) 到 (6,6), 箭在 (3,6)
执行移动: 从 (2,5) 到 (2,4), 箭在 (2,5)
AI 最佳移动评估分数: 18
AI 思考时间: 0.130785 秒
执行移动: 从 (4,1) 到 (3,1), 箭在 (3,3)
执行移动: 从 (2,4) 到 (2,3), 箭在 (2,4)
AI 最佳移动评估分数: 18
AI 思考时间: 0.078930 秒
执行移动: 从 (6,3) 到 (6,2), 箭在 (3,2)
执行移动: 从 (2,0) 到 (2,1), 箭在 (2,0)
AI 最佳移动评估分数: 22
AI 思考时间: 0.021273 秒
执行移动: 从 (3,4) 到 (6,4), 箭在 (3,4)
执行移动: 从 (2,1) 到 (1,1), 箭在 (2,1)
AI 最佳移动评估分数: 26
AI 思考时间: 0.007473 秒
执行移动: 从 (3,1) 到 (4,1), 箭在 (4,7)
执行移动: 从 (1,1) 到 (0,0), 箭在 (0,1)
AI 最佳移动评估分数: 27
AI 思考时间: 0.006563 秒
执行移动: 从 (6,4) 到 (5,4), 箭在 (7,4)
执行移动: 从 (0,0) 到 (1,1), 箭在 (1,0)
AI 最佳移动评估分数: 27
AI 思考时间: 0.004520 秒
执行移动: 从 (6,2) 到 (6,1), 箭在 (4,3)
执行移动: 从 (1,1) 到 (0,0), 箭在 (1,1)
AI 最佳移动评估分数: 28
AI 思考时间: 0.003283 秒
执行移动: 从 (6,1) 到 (6,2), 箭在 (6,0)
执行移动: 从 (0,5) 到 (1,6), 箭在 (0,5)
AI 最佳移动评估分数: 29
AI 思考时间: 0.003686 秒
执行移动: 从 (5,4) 到 (6,4), 箭在 (4,4)
执行移动: 从 (1,6) 到 (0,7), 箭在 (1,7)
AI 最佳移动评估分数: 29
AI 思考时间: 0.002225 秒
执行移动: 从 (6,6) 到 (5,6), 箭在 (7,6)
执行移动: 从 (0,7) 到 (1,6), 箭在 (0,7)
AI 最佳移动评估分数: 1000000
AI 思考时间: 0.001948 秒
执行移动: 从 (6,2) 到 (6,1), 箭在 (6,3)
游戏已成功保存到文件: amazons_save.dat
执行移动: 从 (0,2) 到 (1,2), 箭在 (0,3)
AI 最佳移动评估分数: -3
AI 思考时间: 0.850339 秒
执行移动: 从 (7,5) 到 (2,5), 箭在 (2,2)
执行移动: 从 (1,2) 到 (0,2), 箭在 (0,1)
AI 最佳移动评估分数: 5
AI 思考时间: 0.468750 秒
执行移动: 从 (7,2) 到 (6,3), 箭在 (1,3)
执行移动: 从 (0,2) 到 (1,2), 箭在 (2,3)
AI 最佳移动评估分数: 8
AI 思考时间: 0.325651 秒
执行移动: 从 (5,7) 到 (5,6), 箭在 (0,6)
执行移动: 从 (1,2) 到 (1,1), 箭在 (0,2)
AI 最佳移动评估分数: 11
AI 思考时间: 0.338022 秒
执行移动: 从 (5,0) 到 (6,1), 箭在 (3,1)
执行移动: 从 (0,2) 到 (1,2), 箭在 (1,3)
AI 最佳移动评估分数: -3
AI 思考时间: 0.743455 秒
执行移动: 从 (7,5) 到 (2,5), 箭在 (2,2)
执行移动: 从 (0,5) 到 (1,4), 箭在 (2,4)
AI 最佳移动评估分数: 1
AI 思考时间: 0.411242 秒
执行移动: 从 (5,0) 到 (4,1), 箭在 (2,3)
执行移动: 从 (1,4) 到 (1,6), 箭在 (0,6)
AI 最佳移动评估分数: 4
AI 思考时间: 0.355021 秒
执行移动: 从 (5,7) 到 (6,6), 箭在 (3,6)
执行移动: 从 (1,6) 到 (2,6), 箭在 (1,5)
AI 最佳移动评估分数: 7
AI 思考时间: 0.261650 秒
执行移动: 从 (2,5) 到 (4,3), 箭在 (2,1)
执行移动: 从 (0,2) 到 (1,2), 箭在 (0,3)
AI 最佳移动评估分数: -3
AI 思考时间: 0.793595 秒
执行移动: 从 (7,5) 到 (2,5), 箭在 (2,2)
执行移动: 从 (1,2) 到 (1,3), 箭在 (2,3)
AI 最佳移动评估分数: 3
AI 思考时间: 0.391011 秒
执行移动: 从 (5,0) 到 (5,4), 箭在 (0,4)
执行移动: 从 (1,3) 到 (1,4), 箭在 (2,4)
AI 最佳移动评估分数: 8
AI 思考时间: 0.275663 秒
执行移动: 从 (5,7) 到 (4,6), 箭在 (1,6)
执行移动: 从 (1,4) 到 (1,3), 箭在 (1,4)
AI 最佳移动评估分数: 12
AI 思考时间: 0.233780 秒
执行移动: 从 (7,2) 到 (6,1), 箭在 (3,1)
执行移动: 从 (1,3) 到 (1,1), 箭在 (1,2)
AI 最佳移动评估分数: 12
AI 思考时间: 0.154714 秒
执行移动: 从 (2,5) 到 (2,6), 箭在 (1,5)
执行移动: 从 (1,1) 到 (0,2), 箭在 (1,1)
AI 最佳移动评估分数: 16
AI 思考时间: 0.122737 秒
执行移动: 从 (4,6) 到 (5,6), 箭在 (3,6)
执行移动: 从 (0,2) 到 (0,0), 箭在 (0,1)
AI 最佳移动评估分数: 19
AI 思考时间: 0.074405 秒
执行移动: 从 (5,4) 到 (6,3), 箭在 (3,0)
执行移动: 从 (0,0) 到 (1,0), 箭在 (0,0)
AI 最佳移动评估分数: 22
AI 思考时间: 0.071092 秒
执行移动: 从 (6,1) 到 (4,3), 箭在 (2,1)
执行移动: 从 (0,5) 到 (0,7), 箭在 (0,6)
AI 最佳移动评估分数: 26
AI 思考时间: 0.032240 秒
执行移动: 从 (6,3) 到 (6,4), 箭在 (3,7)
执行移动: 从 (2,7) 到 (1,7), 箭在 (2,7)
AI 最佳移动评估分数: 1000000
AI 思考时间: 0.005350 秒
执行移动: 从 (6,4) 到 (6,1), 箭在 (6,5)
执行移动: 从 (0,2) 到 (1,2), 箭在 (1,3)
AI 最佳移动评估分数: -3
AI 思考时间: 0.736646 秒
执行移动: 从 (7,5) 到 (2,5), 箭在 (2,2)
执行移动: 从 (1,2) 到 (0,1), 箭在 (1,1)
AI 最佳移动评估分数: 4
AI 思考时间: 0.432778 秒
执行移动: 从 (5,0) 到 (5,4), 箭在 (1,0)
执行移动: 从 (0,1) 到 (0,3), 箭在 (0,2)
AI 最佳移动评估分数: 10
AI 思考时间: 0.342256 秒
执行移动: 从 (7,2) 到 (6,1), 箭在 (3,1)
执行移动: 从 (0,3) 到 (0,4), 箭在 (0,3)
AI 最佳移动评估分数: 12
AI 思考时间: 0.272660 秒
执行移动: 从 (5,7) 到 (5,6), 箭在 (1,6)
执行移动: 从 (0,5) 到 (1,4), 箭在 (0,5)
AI 最佳移动评估分数: 15
AI 思考时间: 0.207635 秒
执行移动: 从 (2,5) 到 (3,4), 箭在 (3,7)
游戏已成功保存到文件: amazons_save.dat
执行移动: 从 (0,4) 到 (1,5), 箭在 (0,6)
AI 最佳移动评估分数: 13
AI 思考时间: 0.185124 秒
执行移动: 从 (5,4) 到 (5,3), 箭在 (2,6)
执行移动: 从 (0,4) 到 (1,5), 箭在 (0,6)
AI 最佳移动评估分数: 13
AI 思考时间: 0.183774 秒
执行移动: 从 (5,4) 到 (5,3), 箭在 (2,6)
执行移动: 从 (0,5) 到 (1,4), 箭在 (1,5)
AI 最佳移动评估分数: -2
AI 思考时间: 0.767857 秒
执行移动: 从 (5,7) 到 (3,5), 箭在 (1,3)
执行移动: 从 (1,4) 到 (2,4), 箭在 (1,4)
AI 最佳移动评估分数: 4
AI 思考时间: 0.540931 秒
执行移动: 从 (5,0) 到 (3,2), 箭在 (1,2)
执行移动: 从 (2,4) 到 (2,5), 箭在 (2,3)
AI 最佳移动评估分数: 6
AI 思考时间: 0.352703 秒
执行移动: 从 (7,2) 到 (6,1), 箭在 (0,1)
执行移动: 从 (2,5) 到 (2,4), 箭在 (2,5)
AI 最佳移动评估分数: 11
AI 思考时间: 0.336687 秒
执行移动: 从 (7,5) 到 (6,6), 箭在 (1,1)
执行移动: 从 (0,5) 到 (1,4), 箭在 (1,5)
AI 最佳移动评估分数: -2
AI 思考时间: 0.767154 秒
执行移动: 从 (5,7) 到 (3,5), 箭在 (1,3)
执行移动: 从 (1,4) 到 (0,4), 箭在 (1,4)
AI 最佳移动评估分数: 7
AI 思考时间: 0.470020 秒
执行移动: 从 (5,0) 到 (3,2), 箭在 (1,2)
执行移动: 从 (0,4) 到 (0,5), 箭在 (0,3)
AI 最佳移动评估分数: 11
AI 思考时间: 0.358013 秒
执行移动: 从 (7,2) 到 (6,1), 箭在 (1,6)
执行移动: 从 (0,2) 到 (0,0), 箭在 (0,1)
AI 最佳移动评估分数: 16
AI 思考时间: 0.378986 秒
执行移动: 从 (7,5) 到 (6,6), 箭在 (1,1)
执行移动: 从 (0,0) 到 (1,0), 箭在 (0,0)
AI 最佳移动评估分数: 18
AI 思考时间: 0.290366 秒
执行移动: 从 (3,2) 到 (3,1), 箭在 (2,1)
执行移动: 从 (2,0) 到 (3,0), 箭在 (2,0)
AI 最佳移动评估分数: 17
AI 思考时间: 0.196165 秒
执行移动: 从 (3,1) 到 (5,3), 箭在 (3,1)
执行移动: 从 (3,0) 到 (4,1), 箭在 (4,0)
AI 最佳移动评估分数: 17
AI 思考时间: 0.199626 秒
执行移动: 从 (3,5) 到 (3,4), 箭在 (3,6)
执行移动: 从 (4,1) 到 (3,0), 箭在 (4,1)
AI 最佳移动评估分数: 24
AI 思考时间: 0.073178 秒
执行移动: 从 (5,3) 到 (6,4), 箭在 (3,7)
执行移动: 从 (0,5) 到 (0,4), 箭在 (0,5)
AI 最佳移动评估分数: 30
AI 思考时间: 0.029032 秒
执行移动: 从 (6,4) 到 (5,3), 箭在 (2,6)
执行移动: 从 (2,7) 到 (1,7), 箭在 (2,7)
AI 最佳移动评估分数: 31
AI 思考时间: 0.006257 秒
执行移动: 从 (6,6) 到 (5,5), 箭在 (7,3)
执行移动: 从 (1,7) 到 (0,6), 箭在 (0,7)
AI 最佳移动评估分数: 32
AI 思考时间: 0.004137 秒
执行移动: 从 (5,5) 到 (6,6), 箭在 (2,2)
执行移动: 从 (0,6) 到 (1,7), 箭在 (0,6)
AI 最佳移动评估分数: 1000000
AI 思考时间: 0.003328 秒
执行移动: 从 (6,6) 到 (6,5), 箭在 (6,3)
执行移动: 从 (0,5) 到 (4,1), 箭在 (3,2)
AI 最佳移动评估分数: -3
AI 思考时间: 0.632259 秒
执行移动: 从 (5,7) 到 (5,4), 箭在 (5,2)
执行移动: 从 (4,1) 到 (3,0), 箭在 (4,0)
AI 最佳移动评估分数: 2
AI 思考时间: 0.392441 秒
执行移动: 从 (7,5) 到 (1,5), 箭在 (7,5)
执行移动: 从 (3,0) 到 (3,1), 箭在 (3,0)
AI 最佳移动评估分数: 3
AI 思考时间: 0.392437 秒
执行移动: 从 (1,5) 到 (2,5), 箭在 (2,1)
执行移动: 从 (3,1) 到 (5,1), 箭在 (4,1)
AI 最佳移动评估分数: 4
AI 思考时间: 0.280324 秒
执行移动: 从 (7,2) 到 (6,2), 箭在 (1,7)
执行移动: 从 (5,1) 到 (4,2), 箭在 (3,1)
AI 最佳移动评估分数: 7
AI 思考时间: 0.283093 秒
执行移动: 从 (2,5) 到 (1,5), 箭在 (1,3)
执行移动: 从 (4,2) 到 (5,1), 箭在 (4,2)
AI 最佳移动评估分数: 9
AI 思考时间: 0.157232 秒
执行移动: 从 (5,4) 到 (5,5), 箭在 (1,1)
执行移动: 从 (5,1) 到 (6,1), 箭在 (6,0)
AI 最佳移动评估分数: 7
AI 思考时间: 0.125639 秒
执行移动: 从 (5,5) 到 (5,6), 箭在 (0,1)
执行移动: 从 (6,1) 到 (5,1), 箭在 (6,1)
AI 最佳移动评估分数: 11
AI 思考时间: 0.109558 秒
执行移动: 从 (6,2) 到 (4,4), 箭在 (6,2)
执行移动: 从 (2,7) 到 (2,2), 箭在 (2,3)
AI 最佳移动评估分数: 16
AI 思考时间: 0.033948 秒
执行移动: 从 (4,4) 到 (3,5), 箭在 (3,3)
执行移动: 从 (0,2) 到 (1,2), 箭在 (0,2)
AI 最佳移动评估分数: 23
AI 思考时间: 0.006728 秒
执行移动: 从 (3,5) 到 (3,6), 箭在 (0,3)
执行移动: 从 (2,0) 到 (1,0), 箭在 (2,0)
AI 最佳移动评估分数: 24
AI 思考时间: 0.003040 秒
执行移动: 从 (5,6) 到 (5,4), 箭在 (7,2)
执行移动: 从 (1,0) 到 (0,0), 箭在 (1,0)
AI 最佳移动评估分数: 1000000
AI 思考时间: 0.002761 秒
执行移动: 从 (3,6) 到 (5,6), 箭在 (7,6)
执行移动: 从 (0,5) 到 (1,4), 箭在 (0,4)
AI 最佳移动评估分数: -2
AI 思考时间: 0.804060 秒
执行移动: 从 (5,7) 到 (4,6), 箭在 (1,3)
执行移动: 从 (1,4) 到 (1,5), 箭在 (2,4)
AI 最佳移动评估分数: 3
AI 思考时间: 0.504944 秒
执行移动: 从 (5,0) 到 (3,2), 箭在 (0,5)
执行移动: 从 (1,5) 到 (1,4), 箭在 (1,5)
AI 最佳移动评估分数: 9
AI 思考时间: 0.391788 秒
执行移动: 从 (7,2) 到 (6,1), 箭在 (1,1)
执行移动: 从 (2,7) 到 (1,7), 箭在 (1,6)
AI 最佳移动评估分数: 13
AI 思考时间: 0.341214 秒
执行移动: 从 (7,5) 到 (6,5), 箭在 (2,5)
执行移动: 从 (1,7) 到 (0,6), 箭在 (1,7)
AI 最佳移动评估分数: 17
AI 思考时间: 0.175020 秒
执行移动: 从 (6,5) 到 (6,4), 箭在 (4,4)
执行移动: 从 (0,6) 到 (0,7), 箭在 (0,6)
AI 最佳移动评估分数: 19
AI 思考时间: 0.130212 秒
执行移动: 从 (4,6) 到 (5,6), 箭在 (0,1)
执行移动: 从 (0,2) 到 (0,3), 箭在 (0,2)
AI 最佳移动评估分数: 21
AI 思考时间: 0.113525 秒
执行移动: 从 (3,2) 到 (2,1), 箭在 (2,3)
执行移动: 从 (2,0) 到 (3,0), 箭在 (2,0)
AI 最佳移动评估分数: 23
AI 思考时间: 0.085616 秒
执行移动: 从 (2,1) 到 (4,1), 箭在 (2,1)
执行移动: 从 (3,0) 到 (3,1), 箭在 (4,0)
AI 最佳移动评估分数: 23
AI 思考时间: 0.053690 秒
执行移动: 从 (4,1) 到 (4,2), 箭在 (1,2)
执行移动: 从 (2,0) 到 (2,1), 箭在 (2,0)
AI 最佳移动评估分数: 15
AI 思考时间: 0.131192 秒
执行移动: 从 (5,6) 到 (6,6), 箭在 (3,6)
执行移动: 从 (2,7) 到 (2,3), 箭在 (2,4)
AI 最佳移动评估分数: 15
AI 思考时间: 0.085955 秒
执行移动: 从 (6,1) 到 (6,2), 箭在 (3,2)
执行移动: 从 (2,3) 到 (1,2), 箭在 (2,3)
AI 最佳移动评估分数: 22
AI 思考时间: 0.024476 秒
执行移动: 从 (3,4) 到 (3,5), 箭在 (1,5)
执行移动: 从 (1,2) 到 (0,1), 箭在 (1,2)
AI 最佳移动评估分数: 25
AI 思考时间: 0.013329 秒
执行移动: 从 (6,2) 到 (5,2), 箭在 (2,5)
执行移动: 从 (0,1) 到 (0,0), 箭在 (0,1)
AI 最佳移动评估分数: 1000000
AI 思考时间: 0.006649 秒
执行移动: 从 (5,2) 到 (6,3), 箭在 (3,0)
